Arguments: 
  C:\Program Files\nodejs\node.exe C:\Users\SalingSapa TV\AppData\Roaming\npm\node_modules\yarn\bin\yarn.js init

PATH: 
  C:\Users\SalingSapa TV\bin;C:\Program Files\Git\mingw64\bin;C:\Program Files\Git\usr\local\bin;C:\Program Files\Git\usr\bin;C:\Program Files\Git\usr\bin;C:\Program Files\Git\mingw64\bin;C:\Program Files\Git\usr\bin;C:\Users\SalingSapa TV\bin;C:\ProgramData\Oracle\Java\javapath;C:\Windows\system32;C:\Windows;C:\Windows\System32\Wbem;C:\Windows\System32\WindowsPowerShell\v1.0;C:\Program Files (x86)\NVIDIA Corporation\PhysX\Common;C:\Program Files\PuTTY;C:\Program Files (x86)\Calibre2;C:\Program Files (x86)\Brackets\command;C:\ProgramData\chocolatey\bin;C:\Program Files (x86)\GtkSharp\2.12\bin;C:\WINDOWS\system32;C:\WINDOWS;C:\WINDOWS\System32\Wbem;C:\WINDOWS\System32\WindowsPowerShell\v1.0;C:\HashiCorp\Vagrant\bin;C:\xampp\php;C:\ProgramData\ComposerSetup\bin;C:\Program Files\Git\cmd;C:\Program Files\nodejs;C:\Users\SalingSapa TV\scoop\shims;C:\Users\SalingSapa TV\AppData\Local\Yarn\bin;C:\Ruby22\bin;C:\Users\SalingSapa TV\AppData\Local\Programs\Python\Python36-32\Scripts;C:\Users\SalingSapa TV\AppData\Local\Programs\Python\Python36-32;C:\Users\SalingSapa TV\AppData\Local\Microsoft\WindowsApps;C:\Users\SalingSapa TV\AppData\Local\atom\bin;C:\Dev-Cpp\bin;C:\Program Files\Heroku\bin;C:\Program Files\Git\usr\bin;C:\opt\ffmpeg\bin;C:\opt\MPV;C:\opt\rclone-v1.38-windows-amd64;C:\Program Files (x86)\Nmap;C:\Users\SalingSapa TV\AppData\Local\Microsoft\WindowsApps;C:\Users\SalingSapa TV\AppData\Roaming\Composer\vendor\bin;C:\xampp\php;C:\Users\SalingSapa TV\AppData\Local\Programs\Fiddler;C:\Users\SalingSapa TV\AppData\Roaming\npm;C:\Program Files\Git\usr\bin\vendor_perl;C:\Program Files\Git\usr\bin\core_perl

Yarn version: 
  1.5.1

Node version: 
  8.10.0

Platform: 
  win32 x64

npm manifest: 
  No manifest

yarn manifest: 
  No manifest

Lockfile: 
  No lockfile

Trace: 
  Error: Can't answer a question unless a user TTY
      at ConsoleReporter.question (C:\Users\SalingSapa TV\AppData\Roaming\npm\node_modules\yarn\lib\cli.js:92962:59)
      at Object.<anonymous> (C:\Users\SalingSapa TV\AppData\Roaming\npm\node_modules\yarn\lib\cli.js:85927:38)
      at Generator.next (<anonymous>)
      at step (C:\Users\SalingSapa TV\AppData\Roaming\npm\node_modules\yarn\lib\cli.js:98:30)
      at C:\Users\SalingSapa TV\AppData\Roaming\npm\node_modules\yarn\lib\cli.js:109:13
      at <anonymous>
